  lab1.cpp
C:\Users\Owner\Desktop\Proga\WinAPI\lab1\lab1\lab1.cpp(249,52): warning C4244: аргумент: преобразование "double" в "int", возможна потеря данных
C:\Users\Owner\Desktop\Proga\WinAPI\lab1\lab1\lab1.cpp(249,44): warning C4244: аргумент: преобразование "double" в "int", возможна потеря данных
C:\Users\Owner\Desktop\Proga\WinAPI\lab1\lab1\lab1.cpp(249,36): warning C4244: аргумент: преобразование "double" в "int", возможна потеря данных
C:\Users\Owner\Desktop\Proga\WinAPI\lab1\lab1\lab1.cpp(249,28): warning C4244: аргумент: преобразование "double" в "int", возможна потеря данных
C:\Users\Owner\Desktop\Proga\WinAPI\lab1\lab1\lab1.cpp(270,52): warning C4244: аргумент: преобразование "double" в "int", возможна потеря данных
C:\Users\Owner\Desktop\Proga\WinAPI\lab1\lab1\lab1.cpp(270,44): warning C4244: аргумент: преобразование "double" в "int", возможна потеря данных
C:\Users\Owner\Desktop\Proga\WinAPI\lab1\lab1\lab1.cpp(270,36): warning C4244: аргумент: преобразование "double" в "int", возможна потеря данных
C:\Users\Owner\Desktop\Proga\WinAPI\lab1\lab1\lab1.cpp(270,28): warning C4244: аргумент: преобразование "double" в "int", возможна потеря данных
C:\Program Files (x86)\Microsoft Visual Studio\2019\Community\VC\Tools\MSVC\14.27.29110\include\utility(192,16): warning C4244: инициализация: преобразование "double" в "_Ty1", возможна потеря данных
          with
          [
              _Ty1=const int
          ]
C:\Users\Owner\Desktop\Proga\WinAPI\lab1\lab1\lab1.cpp(252): message : выполняется компиляция ссылки на экземпляр шаблон функции "std::pair<const int,int>::pair<double&,double&,0>(_Other1,_Other2) noexcept"
          with
          [
              _Other1=double &,
              _Other2=double &
          ]
C:\Users\Owner\Desktop\Proga\WinAPI\lab1\lab1\lab1.cpp(252): message : выполняется компиляция ссылки на экземпляр шаблон функции "std::pair<const int,int>::pair<double&,double&,0>(_Other1,_Other2) noexcept"
          with
          [
              _Other1=double &,
              _Other2=double &
          ]
C:\Program Files (x86)\Microsoft Visual Studio\2019\Community\VC\Tools\MSVC\14.27.29110\include\utility(192,1): warning C4244: инициализация: преобразование "double" в "_Ty2", возможна потеря данных
          with
          [
              _Ty2=int
          ]
  lab1.vcxproj -> C:\Users\Owner\Desktop\Proga\WinAPI\lab1\Debug\lab1.exe
